<?xml version="1.0" encoding="UTF-8"?>
<testng-results skipped="0" failed="0" total="1" passed="1">
  <reporter-output>
  </reporter-output>
  <suite name="Default suite" duration-ms="40893" started-at="2017-06-07T21:31:12Z" finished-at="2017-06-07T21:31:53Z">
    <groups>
    </groups>
    <test name="Default test" duration-ms="40893" started-at="2017-06-07T21:31:12Z" finished-at="2017-06-07T21:31:53Z">
      <class name="businessScenario.ReportValidation">
        <test-method status="PASS" signature="reportValidation(java.lang.String, java.lang.String, java.lang.String, java.lang.String, java.lang.String, java.lang.String, java.lang.String, java.lang.String)[pri:0, instance:businessScenario.ReportValidation@d62f43]" name="reportValidation" duration-ms="39684" started-at="2017-06-08T03:01:13Z" data-provider="reportValidationDP" finished-at="2017-06-08T03:01:53Z">
          <params>
            <param index="0">
              <value>
                <![CDATA[geetesh0001@gmail.com]]>
              </value>
            </param>
            <param index="1">
              <value>
                <![CDATA[codetheoryio]]>
              </value>
            </param>
            <param index="2">
              <value>
                <![CDATA[2017-June-5]]>
              </value>
            </param>
            <param index="3">
              <value>
                <![CDATA[2017-06-05]]>
              </value>
            </param>
            <param index="4">
              <value>
                <![CDATA[6,8,10,12]]>
              </value>
            </param>
            <param index="5">
              <value>
                <![CDATA[6.0]]>
              </value>
            </param>
            <param index="6">
              <value>
                <![CDATA[12.0]]>
              </value>
            </param>
            <param index="7">
              <value>
                <![CDATA[9.0]]>
              </value>
            </param>
          </params>
          <reporter-output>
          </reporter-output>
        </test-method> <!-- reportValidation -->
      </class> <!-- businessScenario.ReportValidation -->
    </test> <!-- Default test -->
  </suite> <!-- Default suite -->
</testng-results>
